<?xml version="1.0" encoding="UTF-8"?>
<!-- Generated by org.testng.reporters.JUnitXMLReporter -->
<testsuite hostname="BSL-Mahape-0071" ignored="0" name="Add Customer Test" tests="4" failures="0" timestamp="02 Jul 2020 08:47:53 GMT" time="3.922" errors="0">
  <testcase name="addCustomer" time="1.575" classname="com.w2a.testcases.AddCustomerTest"/>
  <testcase name="addCustomer" time="0.93" classname="com.w2a.testcases.AddCustomerTest"/>
  <testcase name="addCustomer" time="0.627" classname="com.w2a.testcases.AddCustomerTest"/>
  <testcase name="addCustomer" time="0.758" classname="com.w2a.testcases.AddCustomerTest"/>
</testsuite> <!-- Add Customer Test -->
