<?xml version="1.0" encoding="UTF-8"?>
<!-- Generated by org.testng.reporters.JUnitXMLReporter -->
<testsuite hostname="BSL-Mahape-0071" ignored="6" name="Test" tests="5" failures="0" timestamp="02 Jul 2020 18:39:53 GMT" time="60.179" errors="0">
  <testcase name="clickSignUp" time="5.79" classname="com.w2a.testcases.SignUp"/>
  <testcase name="registration" time="14.178" classname="com.w2a.testcases.SignUp"/>
  <testcase name="login" time="6.672" classname="com.w2a.testcases.LoginNewUser"/>
  <testcase name="SelectWomenSection" time="29.204" classname="com.w2a.testcases.AddToCart"/>
  <testcase name="verifyPaymentHistory" time="4.261" classname="com.w2a.testcases.VerifyPayment"/>
  <testcase name="@BeforeSuite setUp" time="0.0" classname="com.w2a.base.TestBase">
    <ignored/>
  </testcase> <!-- @BeforeSuite setUp -->
  <testcase name="@BeforeSuite setUp" time="0.0" classname="com.w2a.base.TestBase">
    <ignored/>
  </testcase> <!-- @BeforeSuite setUp -->
  <testcase name="@BeforeSuite setUp" time="0.0" classname="com.w2a.base.TestBase">
    <ignored/>
  </testcase> <!-- @BeforeSuite setUp -->
  <testcase name="@AfterSuite tearDown" time="0.0" classname="com.w2a.base.TestBase">
    <ignored/>
  </testcase> <!-- @AfterSuite tearDown -->
  <testcase name="@AfterSuite tearDown" time="0.0" classname="com.w2a.base.TestBase">
    <ignored/>
  </testcase> <!-- @AfterSuite tearDown -->
  <testcase name="@AfterSuite tearDown" time="0.0" classname="com.w2a.base.TestBase">
    <ignored/>
  </testcase> <!-- @AfterSuite tearDown -->
</testsuite> <!-- Test -->
