<?xml version="1.0" encoding="UTF-8"?>
<testng-results skipped="0" failed="0" ignored="6" total="11" passed="5">
  <reporter-output>
  </reporter-output>
  <suite name="Suite" duration-ms="60179" started-at="2020-07-02T18:38:53Z" finished-at="2020-07-02T18:39:53Z">
    <groups>
    </groups>
    <test name="Test" duration-ms="60179" started-at="2020-07-02T18:38:53Z" finished-at="2020-07-02T18:39:53Z">
      <class name="com.w2a.testcases.SignUp">
        <test-method status="PASS" signature="setUp()[pri:0, instance:com.w2a.testcases.SignUp@6f45df59]" name="setUp" is-config="true" duration-ms="14793" started-at="2020-07-03T00:08:38Z" finished-at="2020-07-03T00:08:53Z">
          <reporter-output>
          </reporter-output>
        </test-method> <!-- setUp -->
        <test-method status="PASS" signature="clickSignUp()[pri:1, instance:com.w2a.testcases.SignUp@6f45df59]" name="clickSignUp" duration-ms="5790" started-at="2020-07-03T00:08:53Z" finished-at="2020-07-03T00:08:59Z">
          <reporter-output>
          </reporter-output>
        </test-method> <!-- clickSignUp -->
        <test-method status="PASS" signature="registration(java.lang.String, java.lang.String, java.lang.String, java.lang.String, java.lang.String, java.lang.String, java.lang.String, java.lang.String, java.lang.String, java.lang.String, java.lang.String)[pri:2, instance:com.w2a.testcases.SignUp@6f45df59]" name="registration" duration-ms="14178" started-at="2020-07-03T00:08:59Z" data-provider="getData" finished-at="2020-07-03T00:09:13Z">
          <params>
            <param index="0">
              <value>
                <![CDATA[Aakanksha]]>
              </value>
            </param>
            <param index="1">
              <value>
                <![CDATA[Karma]]>
              </value>
            </param>
            <param index="2">
              <value>
                <![CDATA[Testing@123]]>
              </value>
            </param>
            <param index="3">
              <value>
                <![CDATA[Aakanksha]]>
              </value>
            </param>
            <param index="4">
              <value>
                <![CDATA[Karma]]>
              </value>
            </param>
            <param index="5">
              <value>
                <![CDATA[zsdbnsd]]>
              </value>
            </param>
            <param index="6">
              <value>
                <![CDATA[NewYork]]>
              </value>
            </param>
            <param index="7">
              <value>
                <![CDATA[53.0]]>
              </value>
            </param>
            <param index="8">
              <value>
                <![CDATA[66666]]>
              </value>
            </param>
            <param index="9">
              <value>
                <![CDATA[9.860562314E9]]>
              </value>
            </param>
            <param index="10">
              <value>
                <![CDATA[ccc]]>
              </value>
            </param>
          </params>
          <reporter-output>
          </reporter-output>
        </test-method> <!-- registration -->
        <test-method status="PASS" signature="tearDown()[pri:0, instance:com.w2a.testcases.SignUp@6f45df59]" name="tearDown" is-config="true" duration-ms="2199" started-at="2020-07-03T00:09:53Z" finished-at="2020-07-03T00:09:55Z">
          <reporter-output>
          </reporter-output>
        </test-method> <!-- tearDown -->
      </class> <!-- com.w2a.testcases.SignUp -->
      <class name="com.w2a.testcases.AddToCart">
        <test-method status="PASS" signature="SelectWomenSection()[pri:4, instance:com.w2a.testcases.AddToCart@63070bab]" name="SelectWomenSection" duration-ms="29204" started-at="2020-07-03T00:09:20Z" finished-at="2020-07-03T00:09:49Z">
          <reporter-output>
          </reporter-output>
        </test-method> <!-- SelectWomenSection -->
      </class> <!-- com.w2a.testcases.AddToCart -->
      <class name="com.w2a.testcases.LoginNewUser">
        <test-method status="PASS" signature="login()[pri:3, instance:com.w2a.testcases.LoginNewUser@38e79ae3]" name="login" duration-ms="6672" started-at="2020-07-03T00:09:13Z" finished-at="2020-07-03T00:09:20Z">
          <reporter-output>
          </reporter-output>
        </test-method> <!-- login -->
      </class> <!-- com.w2a.testcases.LoginNewUser -->
      <class name="com.w2a.testcases.VerifyPayment">
        <test-method status="PASS" signature="verifyPaymentHistory()[pri:5, instance:com.w2a.testcases.VerifyPayment@68e5eea7]" name="verifyPaymentHistory" duration-ms="4261" started-at="2020-07-03T00:09:49Z" finished-at="2020-07-03T00:09:53Z">
          <reporter-output>
          </reporter-output>
        </test-method> <!-- verifyPaymentHistory -->
      </class> <!-- com.w2a.testcases.VerifyPayment -->
    </test> <!-- Test -->
  </suite> <!-- Suite -->
</testng-results>
